<?xml version="1.0" encoding="UTF-8"?>
<!-- Generated by org.testng.reporters.JUnitReportReporter -->
<testsuite hostname="LN16106" failures="0" tests="1" name="rahulshettyacademy.tests.StandAloneTest" time="17.587" errors="0" timestamp="2024-11-30T15:42:53 IST" skipped="0">
  <testcase classname="rahulshettyacademy.tests.StandAloneTest" name="submitOrder" time="17.587"/>
</testsuite> <!-- rahulshettyacademy.tests.StandAloneTest -->
