<?xml version="1.0" encoding="UTF-8"?>
<!-- Generated by org.testng.reporters.JUnitReportReporter -->
<testsuite hostname="LN16106" failures="0" tests="1" name="rahulshettyacademy.tests.ErrorValidations" time="10.539" errors="0" timestamp="2024-11-30T16:08:41 IST" skipped="0">
  <testcase classname="rahulshettyacademy.tests.ErrorValidations" name="submitOrder" time="10.539"/>
</testsuite> <!-- rahulshettyacademy.tests.ErrorValidations -->
