<?xml version="1.0" encoding="UTF-8"?>
<!-- Generated by org.testng.reporters.JUnitReportReporter -->
<testsuite hostname="LN16106" failures="0" tests="1" name="cucumber.TestNGTestRunner" time="11.664" errors="0" timestamp="2024-12-10T22:34:42 IST" skipped="0">
  <testcase classname="cucumber.TestNGTestRunner" name="runScenario" time="11.664"/>
  <system-out/>
</testsuite> <!-- cucumber.TestNGTestRunner -->
